TN:
SF:knexfile.js
FNF:0
FNH:0
DA:1,10
DA:2,10
DA:4,10
DA:8,10
LF:4
LH:4
BRF:0
BRH:0
end_of_record
TN:
SF:src/app.js
FN:26,(anonymous_0)
FN:30,(anonymous_1)
FNF:2
FNH:2
FNDA:1,(anonymous_0)
FNDA:52,(anonymous_1)
DA:1,10
DA:2,10
DA:3,10
DA:4,10
DA:5,10
DA:6,10
DA:8,10
DA:10,10
DA:17,10
DA:26,10
DA:27,1
DA:30,10
DA:31,52
DA:32,52
DA:33,0
DA:34,52
DA:37,10
LF:17
LH:16
BRDA:32,0,0,52
BRDA:32,0,1,0
BRF:2
BRH:1
end_of_record
TN:
SF:src/config.js
FNF:0
FNH:0
DA:1,10
DA:2,10
DA:4,10
DA:8,10
LF:4
LH:4
BRDA:9,0,0,10
BRDA:9,0,1,0
BRDA:10,1,0,10
BRDA:10,1,1,0
BRF:4
BRH:2
end_of_record
TN:
SF:src/config/middlewares.js
FN:3,(anonymous_0)
FNF:1
FNH:1
FNDA:10,(anonymous_0)
DA:1,10
DA:3,10
DA:4,10
LF:3
LH:3
BRF:0
BRH:0
end_of_record
TN:
SF:src/config/passport.js
FN:9,(anonymous_0)
FN:15,(anonymous_1)
FN:17,(anonymous_2)
FN:20,(anonymous_3)
FN:26,(anonymous_4)
FNF:5
FNH:4
FNDA:10,(anonymous_0)
FNDA:10,(anonymous_1)
FNDA:10,(anonymous_2)
FNDA:0,(anonymous_3)
FNDA:30,(anonymous_4)
DA:1,10
DA:3,10
DA:5,10
DA:7,10
DA:9,10
DA:10,10
DA:15,10
DA:16,10
DA:18,10
DA:19,0
DA:20,0
DA:23,10
DA:25,10
DA:26,30
LF:14
LH:12
BRDA:18,0,0,10
BRDA:18,0,1,0
BRF:2
BRH:1
end_of_record
TN:
SF:src/config/passportuser.js
FN:9,(anonymous_0)
FN:15,(anonymous_1)
FN:17,(anonymous_2)
FN:20,(anonymous_3)
FN:26,(anonymous_4)
FNF:5
FNH:4
FNDA:10,(anonymous_0)
FNDA:8,(anonymous_1)
FNDA:8,(anonymous_2)
FNDA:0,(anonymous_3)
FNDA:20,(anonymous_4)
DA:1,10
DA:3,10
DA:5,10
DA:7,10
DA:9,10
DA:10,10
DA:15,10
DA:16,8
DA:18,8
DA:19,0
DA:20,0
DA:23,10
DA:25,10
DA:26,20
LF:14
LH:12
BRDA:18,0,0,8
BRDA:18,0,1,0
BRF:2
BRH:1
end_of_record
TN:
SF:src/config/routes.js
FN:1,(anonymous_0)
FNF:1
FNH:1
FNDA:10,(anonymous_0)
DA:1,10
DA:2,10
DA:5,10
DA:8,10
DA:11,10
DA:14,10
DA:18,10
DA:22,10
DA:25,10
DA:28,10
DA:33,10
DA:38,10
DA:42,10
DA:47,10
DA:51,10
DA:55,10
DA:58,10
DA:61,10
DA:66,10
DA:71,10
DA:75,10
DA:78,10
DA:82,10
DA:87,10
DA:91,10
LF:25
LH:25
BRF:0
BRH:0
end_of_record
TN:
SF:src/errors/validationError.js
FN:1,validationError
FNF:1
FNH:1
FNDA:52,validationError
DA:1,10
DA:2,52
DA:3,52
LF:3
LH:3
BRF:0
BRH:0
end_of_record
TN:
SF:src/routes/auths.js
FN:8,(anonymous_0)
FN:9,(anonymous_1)
FN:13,(anonymous_2)
FN:30,(anonymous_3)
FN:33,(anonymous_4)
FN:37,(anonymous_5)
FN:53,(anonymous_6)
FNF:7
FNH:5
FNDA:10,(anonymous_0)
FNDA:2,(anonymous_1)
FNDA:2,(anonymous_2)
FNDA:0,(anonymous_3)
FNDA:2,(anonymous_4)
FNDA:2,(anonymous_5)
FNDA:0,(anonymous_6)
DA:1,10
DA:2,10
DA:4,10
DA:6,10
DA:8,10
DA:9,10
DA:10,2
DA:14,2
DA:15,1
DA:24,1
DA:25,1
DA:27,1
DA:30,0
DA:33,10
DA:34,2
DA:38,2
DA:39,1
DA:47,1
DA:48,1
DA:50,1
DA:53,0
DA:56,10
LF:22
LH:20
BRDA:14,0,0,1
BRDA:14,0,1,1
BRDA:38,1,0,1
BRDA:38,1,1,1
BRF:4
BRH:4
end_of_record
TN:
SF:src/routes/comments.js
FN:1,(anonymous_0)
FN:2,(anonymous_1)
FN:4,(anonymous_2)
FN:5,(anonymous_3)
FN:8,(anonymous_4)
FN:10,(anonymous_5)
FN:11,(anonymous_6)
FN:14,(anonymous_7)
FN:16,(anonymous_8)
FN:18,(anonymous_9)
FN:23,(anonymous_10)
FN:25,(anonymous_11)
FN:26,(anonymous_12)
FN:29,(anonymous_13)
FN:31,(anonymous_14)
FN:32,(anonymous_15)
FNF:16
FNH:11
FNDA:10,(anonymous_0)
FNDA:1,(anonymous_1)
FNDA:1,(anonymous_2)
FNDA:0,(anonymous_3)
FNDA:1,(anonymous_4)
FNDA:1,(anonymous_5)
FNDA:0,(anonymous_6)
FNDA:5,(anonymous_7)
FNDA:1,(anonymous_8)
FNDA:0,(anonymous_9)
FNDA:1,(anonymous_10)
FNDA:1,(anonymous_11)
FNDA:0,(anonymous_12)
FNDA:1,(anonymous_13)
FNDA:1,(anonymous_14)
FNDA:0,(anonymous_15)
DA:1,10
DA:2,10
DA:3,1
DA:4,1
DA:5,0
DA:8,10
DA:9,1
DA:10,1
DA:11,0
DA:14,10
DA:15,5
DA:17,1
DA:19,0
DA:23,10
DA:24,1
DA:25,1
DA:26,0
DA:29,10
DA:30,1
DA:31,1
DA:32,0
DA:35,10
LF:22
LH:17
BRF:0
BRH:0
end_of_record
TN:
SF:src/routes/contacts.js
FN:1,(anonymous_0)
FN:2,(anonymous_1)
FN:4,(anonymous_2)
FN:6,(anonymous_3)
FN:11,(anonymous_4)
FN:13,(anonymous_5)
FN:14,(anonymous_6)
FN:17,(anonymous_7)
FN:20,(anonymous_8)
FN:21,(anonymous_9)
FNF:10
FNH:8
FNDA:10,(anonymous_0)
FNDA:6,(anonymous_1)
FNDA:1,(anonymous_2)
FNDA:5,(anonymous_3)
FNDA:1,(anonymous_4)
FNDA:1,(anonymous_5)
FNDA:0,(anonymous_6)
FNDA:1,(anonymous_7)
FNDA:1,(anonymous_8)
FNDA:0,(anonymous_9)
DA:1,10
DA:2,10
DA:3,6
DA:5,1
DA:7,5
DA:11,10
DA:12,1
DA:13,1
DA:14,0
DA:17,10
DA:18,1
DA:19,1
DA:20,1
DA:21,0
DA:24,10
LF:15
LH:13
BRF:0
BRH:0
end_of_record
TN:
SF:src/routes/registerusers.js
FN:2,(anonymous_0)
FN:3,(anonymous_1)
FN:5,(anonymous_2)
FN:6,(anonymous_3)
FN:9,(anonymous_4)
FN:13,(anonymous_5)
FN:14,(anonymous_6)
FN:17,(anonymous_7)
FN:19,(anonymous_8)
FN:21,(anonymous_9)
FN:26,(anonymous_10)
FN:39,(anonymous_11)
FN:54,(anonymous_12)
FN:56,(anonymous_13)
FN:57,(anonymous_14)
FNF:15
FNH:12
FNDA:10,(anonymous_0)
FNDA:1,(anonymous_1)
FNDA:1,(anonymous_2)
FNDA:0,(anonymous_3)
FNDA:1,(anonymous_4)
FNDA:1,(anonymous_5)
FNDA:0,(anonymous_6)
FNDA:7,(anonymous_7)
FNDA:4,(anonymous_8)
FNDA:3,(anonymous_9)
FNDA:2,(anonymous_10)
FNDA:2,(anonymous_11)
FNDA:1,(anonymous_12)
FNDA:1,(anonymous_13)
FNDA:0,(anonymous_14)
DA:2,10
DA:3,10
DA:4,1
DA:5,1
DA:6,0
DA:9,10
DA:10,1
DA:13,1
DA:14,0
DA:17,10
DA:18,7
DA:20,4
DA:22,3
DA:26,10
DA:27,2
DA:29,2
DA:35,2
DA:36,1
DA:39,10
DA:40,2
DA:41,2
DA:42,2
DA:44,2
DA:45,1
DA:48,1
DA:50,0
DA:54,10
DA:55,1
DA:56,1
DA:58,0
DA:62,10
LF:31
LH:27
BRDA:35,0,0,1
BRDA:35,0,1,1
BRDA:44,1,0,1
BRDA:44,1,1,1
BRF:4
BRH:4
end_of_record
TN:
SF:src/routes/reservations.js
FN:1,(anonymous_0)
FN:2,(anonymous_1)
FN:4,(anonymous_2)
FN:5,(anonymous_3)
FN:8,(anonymous_4)
FN:10,(anonymous_5)
FN:11,(anonymous_6)
FN:14,(anonymous_7)
FN:16,(anonymous_8)
FN:18,(anonymous_9)
FN:23,(anonymous_10)
FN:25,(anonymous_11)
FN:26,(anonymous_12)
FN:29,(anonymous_13)
FN:31,(anonymous_14)
FN:32,(anonymous_15)
FNF:16
FNH:11
FNDA:10,(anonymous_0)
FNDA:1,(anonymous_1)
FNDA:1,(anonymous_2)
FNDA:0,(anonymous_3)
FNDA:1,(anonymous_4)
FNDA:1,(anonymous_5)
FNDA:0,(anonymous_6)
FNDA:6,(anonymous_7)
FNDA:1,(anonymous_8)
FNDA:0,(anonymous_9)
FNDA:1,(anonymous_10)
FNDA:1,(anonymous_11)
FNDA:0,(anonymous_12)
FNDA:1,(anonymous_13)
FNDA:1,(anonymous_14)
FNDA:0,(anonymous_15)
DA:1,10
DA:2,10
DA:3,1
DA:4,1
DA:5,0
DA:8,10
DA:9,1
DA:10,1
DA:11,0
DA:14,10
DA:15,6
DA:17,1
DA:19,0
DA:23,10
DA:24,1
DA:25,1
DA:26,0
DA:29,10
DA:30,1
DA:31,1
DA:32,0
DA:35,10
LF:22
LH:17
BRF:0
BRH:0
end_of_record
TN:
SF:src/routes/restaurantregistrations.js
FN:2,(anonymous_0)
FN:3,(anonymous_1)
FN:5,(anonymous_2)
FN:6,(anonymous_3)
FN:9,(anonymous_4)
FN:13,(anonymous_5)
FN:14,(anonymous_6)
FN:17,(anonymous_7)
FN:19,(anonymous_8)
FN:21,(anonymous_9)
FN:26,(anonymous_10)
FN:41,(anonymous_11)
FN:54,(anonymous_12)
FN:56,(anonymous_13)
FN:57,(anonymous_14)
FNF:15
FNH:12
FNDA:10,(anonymous_0)
FNDA:1,(anonymous_1)
FNDA:1,(anonymous_2)
FNDA:0,(anonymous_3)
FNDA:1,(anonymous_4)
FNDA:1,(anonymous_5)
FNDA:0,(anonymous_6)
FNDA:20,(anonymous_7)
FNDA:4,(anonymous_8)
FNDA:16,(anonymous_9)
FNDA:2,(anonymous_10)
FNDA:2,(anonymous_11)
FNDA:1,(anonymous_12)
FNDA:1,(anonymous_13)
FNDA:0,(anonymous_14)
DA:2,10
DA:3,10
DA:4,1
DA:5,1
DA:6,0
DA:9,10
DA:10,1
DA:13,1
DA:14,0
DA:17,10
DA:18,20
DA:20,4
DA:22,16
DA:26,10
DA:27,2
DA:28,2
DA:29,2
DA:31,2
DA:32,1
DA:35,1
DA:37,0
DA:41,10
DA:42,2
DA:44,2
DA:50,2
DA:51,1
DA:54,10
DA:55,1
DA:56,1
DA:57,0
DA:60,10
LF:31
LH:27
BRDA:31,0,0,1
BRDA:31,0,1,1
BRDA:50,1,0,1
BRDA:50,1,1,1
BRF:4
BRH:4
end_of_record
TN:
SF:src/routes/restaurantresponsibles.js
FN:1,(anonymous_0)
FN:2,(anonymous_1)
FN:4,(anonymous_2)
FN:5,(anonymous_3)
FN:8,(anonymous_4)
FN:10,(anonymous_5)
FN:11,(anonymous_6)
FN:14,(anonymous_7)
FN:16,(anonymous_8)
FN:18,(anonymous_9)
FN:23,(anonymous_10)
FN:25,(anonymous_11)
FN:26,(anonymous_12)
FNF:13
FNH:10
FNDA:10,(anonymous_0)
FNDA:1,(anonymous_1)
FNDA:1,(anonymous_2)
FNDA:0,(anonymous_3)
FNDA:1,(anonymous_4)
FNDA:1,(anonymous_5)
FNDA:0,(anonymous_6)
FNDA:6,(anonymous_7)
FNDA:2,(anonymous_8)
FNDA:4,(anonymous_9)
FNDA:1,(anonymous_10)
FNDA:1,(anonymous_11)
FNDA:0,(anonymous_12)
DA:1,10
DA:2,10
DA:3,1
DA:4,1
DA:5,0
DA:8,10
DA:9,1
DA:10,1
DA:11,0
DA:14,10
DA:15,6
DA:17,2
DA:19,4
DA:23,10
DA:24,1
DA:25,1
DA:26,0
DA:29,10
LF:18
LH:15
BRF:0
BRH:0
end_of_record
TN:
SF:src/routes/restaurants.js
FN:1,(anonymous_0)
FN:2,(anonymous_1)
FN:4,(anonymous_2)
FN:5,(anonymous_3)
FN:8,(anonymous_4)
FN:10,(anonymous_5)
FN:11,(anonymous_6)
FN:14,(anonymous_7)
FN:16,(anonymous_8)
FN:18,(anonymous_9)
FN:23,(anonymous_10)
FN:25,(anonymous_11)
FN:26,(anonymous_12)
FNF:13
FNH:10
FNDA:10,(anonymous_0)
FNDA:1,(anonymous_1)
FNDA:1,(anonymous_2)
FNDA:0,(anonymous_3)
FNDA:1,(anonymous_4)
FNDA:1,(anonymous_5)
FNDA:0,(anonymous_6)
FNDA:13,(anonymous_7)
FNDA:1,(anonymous_8)
FNDA:12,(anonymous_9)
FNDA:1,(anonymous_10)
FNDA:1,(anonymous_11)
FNDA:0,(anonymous_12)
DA:1,10
DA:2,10
DA:3,1
DA:4,1
DA:5,0
DA:8,10
DA:9,1
DA:10,1
DA:11,0
DA:14,10
DA:15,13
DA:17,1
DA:19,12
DA:23,10
DA:24,1
DA:25,1
DA:26,0
DA:29,10
LF:18
LH:15
BRF:0
BRH:0
end_of_record
TN:
SF:src/routes/users.js
FN:1,(anonymous_0)
FN:2,(anonymous_1)
FN:4,(anonymous_2)
FN:5,(anonymous_3)
FN:8,(anonymous_4)
FN:12,(anonymous_5)
FN:13,(anonymous_6)
FN:16,(anonymous_7)
FN:18,(anonymous_8)
FN:20,(anonymous_9)
FN:25,(anonymous_10)
FN:27,(anonymous_11)
FN:28,(anonymous_12)
FNF:13
FNH:10
FNDA:10,(anonymous_0)
FNDA:1,(anonymous_1)
FNDA:1,(anonymous_2)
FNDA:0,(anonymous_3)
FNDA:1,(anonymous_4)
FNDA:1,(anonymous_5)
FNDA:0,(anonymous_6)
FNDA:6,(anonymous_7)
FNDA:3,(anonymous_8)
FNDA:3,(anonymous_9)
FNDA:1,(anonymous_10)
FNDA:1,(anonymous_11)
FNDA:0,(anonymous_12)
DA:1,10
DA:2,10
DA:3,1
DA:4,1
DA:5,0
DA:8,10
DA:9,1
DA:12,1
DA:13,0
DA:16,10
DA:17,6
DA:19,3
DA:21,3
DA:25,10
DA:26,1
DA:27,1
DA:28,0
DA:31,10
LF:18
LH:15
BRF:0
BRH:0
end_of_record
TN:
SF:src/services/comment.js
FN:3,(anonymous_0)
FN:4,(anonymous_1)
FN:8,(anonymous_2)
FN:12,(anonymous_3)
FN:21,(anonymous_4)
FN:27,(anonymous_5)
FNF:6
FNH:6
FNDA:10,(anonymous_0)
FNDA:1,(anonymous_1)
FNDA:1,(anonymous_2)
FNDA:5,(anonymous_3)
FNDA:1,(anonymous_4)
FNDA:1,(anonymous_5)
DA:1,10
DA:3,10
DA:4,10
DA:5,1
DA:8,10
DA:9,1
DA:12,10
DA:13,5
DA:14,4
DA:15,3
DA:16,2
DA:18,1
DA:21,10
DA:22,1
DA:27,10
DA:28,1
DA:33,10
LF:17
LH:17
BRDA:8,0,0,0
BRDA:13,1,0,1
BRDA:13,1,1,4
BRDA:14,2,0,1
BRDA:14,2,1,3
BRDA:15,3,0,1
BRDA:15,3,1,2
BRDA:16,4,0,1
BRDA:16,4,1,1
BRF:9
BRH:8
end_of_record
TN:
SF:src/services/contact.js
FN:3,(anonymous_0)
FN:4,(anonymous_1)
FN:13,(anonymous_2)
FN:21,(anonymous_3)
FNF:4
FNH:4
FNDA:10,(anonymous_0)
FNDA:6,(anonymous_1)
FNDA:1,(anonymous_2)
FNDA:1,(anonymous_3)
DA:1,10
DA:3,10
DA:4,10
DA:5,6
DA:6,6
DA:7,1
DA:9,5
DA:13,10
DA:14,1
DA:15,1
DA:17,0
DA:21,10
DA:22,1
DA:23,1
DA:25,0
DA:29,10
LF:16
LH:14
BRF:0
BRH:0
end_of_record
TN:
SF:src/services/registeruser.js
FN:5,(anonymous_0)
FN:6,(anonymous_1)
FN:14,(anonymous_2)
FN:18,(anonymous_3)
FN:23,(anonymous_4)
FN:33,(anonymous_5)
FN:55,(anonymous_6)
FN:72,(anonymous_7)
FN:86,(anonymous_8)
FNF:9
FNH:9
FNDA:10,(anonymous_0)
FNDA:1,(anonymous_1)
FNDA:14,(anonymous_2)
FNDA:11,(anonymous_3)
FNDA:11,(anonymous_4)
FNDA:11,(anonymous_5)
FNDA:1,(anonymous_6)
FNDA:2,(anonymous_7)
FNDA:2,(anonymous_8)
DA:2,10
DA:3,10
DA:5,10
DA:6,10
DA:7,1
DA:14,10
DA:15,14
DA:18,10
DA:19,11
DA:20,11
DA:23,10
DA:24,11
DA:25,11
DA:26,11
DA:27,11
DA:28,11
DA:30,11
DA:33,10
DA:34,11
DA:35,10
DA:36,9
DA:38,8
DA:39,0
DA:42,8
DA:43,8
DA:45,8
DA:46,8
DA:48,8
DA:55,10
DA:56,1
DA:57,0
DA:60,1
DA:61,1
DA:63,1
DA:72,10
DA:73,2
DA:75,2
DA:76,1
DA:79,1
DA:80,0
DA:83,1
DA:86,10
DA:87,2
DA:88,2
DA:89,0
DA:92,2
DA:93,2
DA:94,0
DA:97,2
DA:98,1
DA:101,1
DA:106,1
DA:108,0
DA:109,0
DA:112,0
DA:116,10
LF:56
LH:48
BRDA:6,0,0,1
BRDA:14,1,0,0
BRDA:30,2,0,11
BRDA:30,2,1,11
BRDA:30,2,2,11
BRDA:30,2,3,11
BRDA:30,2,4,11
BRDA:34,3,0,1
BRDA:34,3,1,10
BRDA:35,4,0,1
BRDA:35,4,1,9
BRDA:36,5,0,1
BRDA:36,5,1,8
BRDA:38,6,0,0
BRDA:38,6,1,8
BRDA:43,7,0,0
BRDA:43,7,1,8
BRDA:56,8,0,0
BRDA:56,8,1,1
BRDA:75,9,0,1
BRDA:75,9,1,1
BRDA:79,10,0,0
BRDA:79,10,1,1
BRDA:88,11,0,0
BRDA:88,11,1,2
BRDA:93,12,0,0
BRDA:93,12,1,2
BRDA:97,13,0,1
BRDA:97,13,1,1
BRDA:108,14,0,0
BRDA:108,14,1,0
BRF:31
BRH:22
end_of_record
TN:
SF:src/services/reservation.js
FN:4,(anonymous_0)
FN:5,(anonymous_1)
FN:9,(anonymous_2)
FN:13,(anonymous_3)
FN:22,(anonymous_4)
FN:28,(anonymous_5)
FNF:6
FNH:6
FNDA:10,(anonymous_0)
FNDA:1,(anonymous_1)
FNDA:1,(anonymous_2)
FNDA:6,(anonymous_3)
FNDA:1,(anonymous_4)
FNDA:1,(anonymous_5)
DA:2,10
DA:4,10
DA:5,10
DA:6,1
DA:9,10
DA:10,1
DA:13,10
DA:14,6
DA:15,5
DA:16,4
DA:17,3
DA:18,2
DA:19,1
DA:22,10
DA:23,1
DA:28,10
DA:29,1
DA:34,10
LF:18
LH:18
BRDA:9,0,0,0
BRDA:14,1,0,1
BRDA:14,1,1,5
BRDA:15,2,0,1
BRDA:15,2,1,4
BRDA:16,3,0,1
BRDA:16,3,1,3
BRDA:17,4,0,1
BRDA:17,4,1,2
BRDA:18,5,0,1
BRDA:18,5,1,1
BRF:11
BRH:10
end_of_record
TN:
SF:src/services/restaurant.js
FN:5,(anonymous_0)
FN:6,(anonymous_1)
FN:10,(anonymous_2)
FN:14,(anonymous_3)
FN:40,(anonymous_4)
FNF:5
FNH:5
FNDA:10,(anonymous_0)
FNDA:1,(anonymous_1)
FNDA:1,(anonymous_2)
FNDA:15,(anonymous_3)
FNDA:1,(anonymous_4)
DA:3,10
DA:5,10
DA:6,10
DA:7,1
DA:10,10
DA:11,1
DA:14,10
DA:15,15
DA:16,15
DA:17,14
DA:18,13
DA:19,12
DA:20,11
DA:21,10
DA:22,9
DA:23,8
DA:24,7
DA:25,6
DA:26,5
DA:27,4
DA:28,3
DA:30,3
DA:31,0
DA:34,3
DA:36,12
DA:40,10
DA:41,1
DA:46,10
LF:28
LH:27
BRDA:10,0,0,0
BRDA:16,1,0,1
BRDA:16,1,1,14
BRDA:17,2,0,1
BRDA:17,2,1,13
BRDA:18,3,0,1
BRDA:18,3,1,12
BRDA:19,4,0,1
BRDA:19,4,1,11
BRDA:20,5,0,1
BRDA:20,5,1,10
BRDA:21,6,0,1
BRDA:21,6,1,9
BRDA:22,7,0,1
BRDA:22,7,1,8
BRDA:23,8,0,1
BRDA:23,8,1,7
BRDA:24,9,0,1
BRDA:24,9,1,6
BRDA:25,10,0,1
BRDA:25,10,1,5
BRDA:26,11,0,1
BRDA:26,11,1,4
BRDA:27,12,0,1
BRDA:27,12,1,3
BRDA:30,13,0,0
BRDA:30,13,1,3
BRF:27
BRH:25
end_of_record
TN:
SF:src/services/restaurantregistration.js
FN:5,(anonymous_0)
FN:6,(anonymous_1)
FN:27,(anonymous_2)
FN:31,(anonymous_3)
FN:36,(anonymous_4)
FN:46,(anonymous_5)
FN:94,(anonymous_6)
FN:108,(anonymous_7)
FN:139,(anonymous_8)
FNF:9
FNH:9
FNDA:10,(anonymous_0)
FNDA:1,(anonymous_1)
FNDA:15,(anonymous_2)
FNDA:12,(anonymous_3)
FNDA:12,(anonymous_4)
FNDA:25,(anonymous_5)
FNDA:2,(anonymous_6)
FNDA:2,(anonymous_7)
FNDA:1,(anonymous_8)
DA:2,10
DA:3,10
DA:5,10
DA:6,10
DA:7,1
DA:27,10
DA:28,15
DA:31,10
DA:32,12
DA:33,12
DA:36,10
DA:37,12
DA:38,12
DA:39,12
DA:40,12
DA:41,12
DA:43,12
DA:46,10
DA:47,25
DA:48,24
DA:49,23
DA:50,22
DA:51,21
DA:52,20
DA:53,19
DA:54,18
DA:55,17
DA:56,16
DA:57,15
DA:58,14
DA:59,13
DA:60,12
DA:61,11
DA:62,10
DA:64,9
DA:65,0
DA:68,9
DA:69,9
DA:71,9
DA:72,9
DA:74,9
DA:94,10
DA:95,2
DA:97,2
DA:98,1
DA:101,1
DA:102,0
DA:105,1
DA:108,10
DA:109,2
DA:110,2
DA:111,0
DA:114,2
DA:116,2
DA:117,0
DA:120,2
DA:121,1
DA:124,1
DA:129,1
DA:131,0
DA:132,0
DA:135,0
DA:139,10
DA:140,1
DA:141,0
DA:143,1
DA:144,1
DA:146,1
DA:168,10
LF:69
LH:61
BRDA:6,0,0,1
BRDA:27,1,0,0
BRDA:43,2,0,12
BRDA:43,2,1,12
BRDA:43,2,2,12
BRDA:43,2,3,12
BRDA:43,2,4,12
BRDA:47,3,0,1
BRDA:47,3,1,24
BRDA:48,4,0,1
BRDA:48,4,1,23
BRDA:49,5,0,1
BRDA:49,5,1,22
BRDA:50,6,0,1
BRDA:50,6,1,21
BRDA:51,7,0,1
BRDA:51,7,1,20
BRDA:52,8,0,1
BRDA:52,8,1,19
BRDA:53,9,0,1
BRDA:53,9,1,18
BRDA:54,10,0,1
BRDA:54,10,1,17
BRDA:55,11,0,1
BRDA:55,11,1,16
BRDA:56,12,0,1
BRDA:56,12,1,15
BRDA:57,13,0,1
BRDA:57,13,1,14
BRDA:58,14,0,1
BRDA:58,14,1,13
BRDA:59,15,0,1
BRDA:59,15,1,12
BRDA:60,16,0,1
BRDA:60,16,1,11
BRDA:61,17,0,1
BRDA:61,17,1,10
BRDA:62,18,0,1
BRDA:62,18,1,9
BRDA:64,19,0,0
BRDA:64,19,1,9
BRDA:69,20,0,0
BRDA:69,20,1,9
BRDA:97,21,0,1
BRDA:97,21,1,1
BRDA:101,22,0,0
BRDA:101,22,1,1
BRDA:110,23,0,0
BRDA:110,23,1,2
BRDA:116,24,0,0
BRDA:116,24,1,2
BRDA:120,25,0,1
BRDA:120,25,1,1
BRDA:131,26,0,0
BRDA:131,26,1,0
BRDA:140,27,0,0
BRDA:140,27,1,1
BRF:57
BRH:48
end_of_record
TN:
SF:src/services/restaurantresponsible.js
FN:4,(anonymous_0)
FN:5,(anonymous_1)
FN:15,(anonymous_2)
FN:19,(anonymous_3)
FN:24,(anonymous_4)
FN:45,(anonymous_5)
FNF:6
FNH:6
FNDA:10,(anonymous_0)
FNDA:1,(anonymous_1)
FNDA:22,(anonymous_2)
FNDA:10,(anonymous_3)
FNDA:13,(anonymous_4)
FNDA:1,(anonymous_5)
DA:1,10
DA:2,10
DA:4,10
DA:5,10
DA:6,1
DA:15,10
DA:16,22
DA:19,10
DA:20,10
DA:21,10
DA:24,10
DA:25,13
DA:26,12
DA:27,11
DA:28,10
DA:30,9
DA:31,9
DA:33,9
DA:34,9
DA:36,9
DA:45,10
DA:46,1
DA:47,1
DA:49,1
DA:60,10
LF:25
LH:25
BRDA:5,0,0,1
BRDA:15,1,0,0
BRDA:25,2,0,1
BRDA:25,2,1,12
BRDA:26,3,0,1
BRDA:26,3,1,11
BRDA:27,4,0,1
BRDA:27,4,1,10
BRDA:28,5,0,1
BRDA:28,5,1,9
BRDA:31,6,0,0
BRDA:31,6,1,9
BRF:12
BRH:10
end_of_record
TN:
SF:src/services/user.js
FN:5,(anonymous_0)
FN:6,(anonymous_1)
FN:14,(anonymous_2)
FN:18,(anonymous_3)
FN:23,(anonymous_4)
FN:52,(anonymous_5)
FNF:6
FNH:6
FNDA:10,(anonymous_0)
FNDA:1,(anonymous_1)
FNDA:20,(anonymous_2)
FNDA:9,(anonymous_3)
FNDA:11,(anonymous_4)
FNDA:1,(anonymous_5)
DA:2,10
DA:3,10
DA:5,10
DA:6,10
DA:7,1
DA:14,10
DA:15,20
DA:18,10
DA:19,9
DA:20,9
DA:23,10
DA:24,11
DA:25,11
DA:26,10
DA:27,9
DA:29,8
DA:30,8
DA:32,8
DA:33,8
DA:35,8
DA:42,8
DA:43,0
DA:46,8
DA:48,3
DA:52,10
DA:53,1
DA:54,1
DA:56,1
DA:66,10
LF:29
LH:28
BRDA:6,0,0,1
BRDA:14,1,0,0
BRDA:25,2,0,1
BRDA:25,2,1,10
BRDA:26,3,0,1
BRDA:26,3,1,9
BRDA:27,4,0,1
BRDA:27,4,1,8
BRDA:30,5,0,0
BRDA:30,5,1,8
BRDA:42,6,0,0
BRDA:42,6,1,8
BRF:12
BRH:9
end_of_record
